Running on uc2n119.localdomain
Date: Mo 13. Jan 14:02:15 CET 2025
Python version: Python 3.9.18
Environment: # conda environments:
#
new_env                  /home/ma/ma_ma/ma_tischuet/.conda/envs/new_env
base                     /opt/bwhpc/common/devel/miniconda/23.9.0-py3.9.15
                         /pfs/work7/workspace/scratch/ma_tischuet-team-project-hws-2024/envs/TP
                         /pfs/work7/workspace/scratch/ma_tischuet-team-project-hws-2024/envs/TP_general
                         /pfs/work7/workspace/scratch/ma_tischuet-team_project_explainable_deepfakes/envs/TP_backup
                      *  /pfs/work7/workspace/scratch/ma_tischuet-team_project_explainable_deepfakes/envs/TP_main
Traceback (most recent call last):
  File "/home/ma/ma_ma/ma_tischuet/Interpretable-Deep-Fake-Detection/preprocessing/rearrange.py", line 63, in <module>
    import pandas as pd
ModuleNotFoundError: No module named 'pandas'

============================= JOB FEEDBACK =============================

NodeName=uc2n[119-120,249,252]
Job ID: 25136635
Cluster: uc2
User/Group: ma_tischuet/ma_ma
State: FAILED (exit code 1)
Nodes: 4
Cores per node: 80
CPU Utilized: 00:00:02
CPU Efficiency: 0.02% of 02:56:00 core-walltime
Job Wall-clock time: 00:00:33
Memory Utilized: 2.79 MB
Memory Efficiency: 0.00% of 195.31 GB
