Running on uc2n005.localdomain
Date: Mo 13. Jan 15:55:15 CET 2025
Python version: Python 3.9.18
Environment: # conda environments:
#
new_env                  /home/ma/ma_ma/ma_tischuet/.conda/envs/new_env
base                     /opt/bwhpc/common/devel/miniconda/23.9.0-py3.9.15
                         /pfs/work7/workspace/scratch/ma_tischuet-team_project_explainable_deepfakes/envs/TP_backup
                      *  /pfs/work7/workspace/scratch/ma_tischuet-team_project_explainable_deepfakes/envs/TP_main
Finish writing FF-DF.json
Finish writing FF-FS.json
Finish writing FF-F2F.json
Finish writing FF-NT.json
FaceForensics++.json generated successfully.

============================= JOB FEEDBACK =============================

NodeName=uc2n[005-008]
Job ID: 25137560
Cluster: uc2
User/Group: ma_tischuet/ma_ma
State: COMPLETED (exit code 0)
Nodes: 4
Cores per node: 80
CPU Utilized: 00:00:03
CPU Efficiency: 0.03% of 02:56:00 core-walltime
Job Wall-clock time: 00:00:33
Memory Utilized: 2.81 MB
Memory Efficiency: 0.00% of 195.31 GB
