Running on uc2n901.localdomain
Date: Mon Jan 20 14:51:24 CET 2025
Python version: Python 3.12.7
Environment: # conda environments:
#
TP_linux              *  /home/ma/ma_ma/ma_kreffert/.conda/envs/TP_linux
base                     /opt/bwhpc/common/devel/miniconda/23.9.0-py3.9.15
wandb: Currently logged in as: 555kaireffert. Use `wandb login --relogin` to force relogin
wandb: Using wandb-core as the SDK backend.  Please refer to https://wandb.me/wandb-core for more information.
wandb: Tracking run with wandb version 0.19.4
wandb: Run data is saved locally in /pfs/data5/home/ma/ma_ma/ma_kreffert/Interpretable-Deep-Fake-Detection/BWCluster/wandb/run-20250120_145126-9zhyzhlu
wandb: Run `wandb offline` to turn off syncing.
wandb: Syncing run legendary-water-1
wandb: ⭐️ View project at https://wandb.ai/555kaireffert/Interpretable-Deep-Fake-Detection
wandb: 🚀 View run at https://wandb.ai/555kaireffert/Interpretable-Deep-Fake-Detection/runs/9zhyzhlu
wandb:                                                                                
wandb: 🚀 View run legendary-water-1 at: https://wandb.ai/555kaireffert/Interpretable-Deep-Fake-Detection/runs/9zhyzhlu
wandb: ⭐️ View project at: https://wandb.ai/555kaireffert/Interpretable-Deep-Fake-Detection
wandb: Synced 5 W&B file(s), 0 media file(s), 0 artifact file(s) and 0 other file(s)
wandb: Find logs at: ./wandb/run-20250120_145126-9zhyzhlu/logs

============================= JOB FEEDBACK =============================

NodeName=uc2n901
Job ID: 25162140
Cluster: uc2
User/Group: ma_kreffert/ma_ma
State: COMPLETED (exit code 0)
Nodes: 1
Cores per node: 16
CPU Utilized: 00:00:02
CPU Efficiency: 0.42% of 00:08:00 core-walltime
Job Wall-clock time: 00:00:30
Memory Utilized: 2.78 MB
Memory Efficiency: 0.01% of 48.83 GB
