Running on uc2n901.localdomain
Date: Mon Jan 20 14:47:23 CET 2025
Python version: Python 3.12.7
Environment: # conda environments:
#
TP_linux              *  /home/ma/ma_ma/ma_kreffert/.conda/envs/TP_linux
base                     /opt/bwhpc/common/devel/miniconda/23.9.0-py3.9.15
wandb: Currently logged in as: 555kaireffert. Use `wandb login --relogin` to force relogin
wandb: Using wandb-core as the SDK backend.  Please refer to https://wandb.me/wandb-core for more information.
wandb: ERROR failed to upsert bucket: returned error 403 Forbidden: {"errors":[{"message":"permission denied","path":["upsertBucket"],"extensions":{"code":"PERMISSION_ERROR"}}],"data":{"upsertBucket":null}}
Traceback (most recent call last):
  File "/home/ma/ma_ma/ma_kreffert/Interpretable-Deep-Fake-Detection/BWCluster/wandb_sync.py", line 4, in <module>
    wandb.init(project='Interpretable-Deep-Fake-Detection', entity='Kai')
  File "/home/ma/ma_ma/ma_kreffert/.conda/envs/TP_linux/lib/python3.12/site-packages/wandb/sdk/wandb_init.py", line 1458, in init
    wandb._sentry.reraise(e)
  File "/home/ma/ma_ma/ma_kreffert/.conda/envs/TP_linux/lib/python3.12/site-packages/wandb/analytics/sentry.py", line 156, in reraise
    raise exc.with_traceback(sys.exc_info()[2])
  File "/home/ma/ma_ma/ma_kreffert/.conda/envs/TP_linux/lib/python3.12/site-packages/wandb/sdk/wandb_init.py", line 1444, in init
    return wi.init(run_settings, run_config)
           ^^^^^^^^^^^^^^^^^^^^^^^^^^^^^^^^^
  File "/home/ma/ma_ma/ma_kreffert/.conda/envs/TP_linux/lib/python3.12/site-packages/wandb/sdk/wandb_init.py", line 950, in init
    raise error
wandb.errors.errors.CommError: failed to upsert bucket: returned error 403 Forbidden: {"errors":[{"message":"permission denied","path":["upsertBucket"],"extensions":{"code":"PERMISSION_ERROR"}}],"data":{"upsertBucket":null}}
[1;34mwandb[0m: 
[1;34mwandb[0m: 🚀 View run [33m[0m at: [34mhttps://wandb.ai/Kai/Interpretable-Deep-Fake-Detection/runs/afr4hvs3[0m
[1;34mwandb[0m: Find logs at: [1;35m../../../../../../pfs/data5/home/ma/ma_ma/ma_kreffert/Interpretable-Deep-Fake-Detection/BWCluster/wandb/run-20250120_144725-afr4hvs3/logs[0m

============================= JOB FEEDBACK =============================

NodeName=uc2n901
Job ID: 25162131
Cluster: uc2
User/Group: ma_kreffert/ma_ma
State: FAILED (exit code 1)
Nodes: 1
Cores per node: 16
CPU Utilized: 00:00:02
CPU Efficiency: 0.45% of 00:07:28 core-walltime
Job Wall-clock time: 00:00:28
Memory Utilized: 2.79 MB
Memory Efficiency: 0.01% of 48.83 GB
